2018-04-02 09:45:13,656 - [main] - INFO  - (AbstractApplicationContext.java:515) - Refreshing org.springframework.context.support.FileSystemXmlApplicationContext@5fdef03a: startup date [Mon Apr 02 09:45:13 CST 2018]; root of context hierarchy
2018-04-02 09:45:13,695 - [main] - INFO  - (XmlBeanDefinitionReader.java:317) - Loading XML bean definitions from file [C:\hfds\行情\MdQuotationClient\config\spring\applicationContext-common.xml]
2018-04-02 09:45:14,315 - [main] - INFO  - (DefaultListableBeanFactory.java:754) - Overriding bean definition for bean 'springContextUtil': replacing [Generic bean: class [com.lion.common.utils.SpringContextUtil]; scope=singleton; abstract=false; lazyInit=true; autowireMode=0; dependencyCheck=0; autowireCandidate=true; primary=false; factoryBeanName=null; factoryMethodName=null; initMethodName=null; destroyMethodName=null; defined in file [C:\hfds\行情\MdQuotationClient\bin\com\lion\common\utils\SpringContextUtil.class]] with [Generic bean: class [com.lion.common.utils.SpringContextUtil]; scope=singleton; abstract=false; lazyInit=false; autowireMode=0; dependencyCheck=0; autowireCandidate=true; primary=false; factoryBeanName=null; factoryMethodName=null; initMethodName=null; destroyMethodName=null; defined in file [C:\hfds\行情\MdQuotationClient\config\spring\applicationContext-common.xml]]
2018-04-02 09:45:14,395 - [main] - INFO  - (PropertiesLoaderSupport.java:172) - Loading properties file from URL [file:C:/hfds/行情/MdQuotationClient/config/redis/redis.properties]
2018-04-02 09:45:14,400 - [main] - INFO  - (PropertiesLoaderSupport.java:172) - Loading properties file from URL [file:C:/hfds/行情/MdQuotationClient/config/system/system.properties]
2018-04-02 09:45:14,406 - [main] - INFO  - (PropertiesLoaderSupport.java:172) - Loading properties file from URL [file:C:/hfds/行情/MdQuotationClient/config/mq/mq.properties]
2018-04-02 09:45:35,606 - [main] - WARN  - (AbstractApplicationContext.java:489) - Exception encountered during context initialization - cancelling refresh attempt
org.springframework.beans.factory.BeanCreationException: Error creating bean with name 'nettyClient': Injection of autowired dependencies failed; nested exception is org.springframework.beans.factory.BeanCreationException: Could not autowire field: private com.lion.sp.push.PushThread com.lion.frame.netty.client.NettyClient.pushThread; nested exception is org.springframework.beans.factory.BeanCreationException: Error creating bean with name 'pushThread': Injection of autowired dependencies failed; nested exception is org.springframework.beans.factory.BeanCreationException: Could not autowire field: private com.lion.frame.websocket.SocketServer com.lion.sp.push.PushThread.socketServer; nested exception is org.springframework.beans.factory.BeanCreationException: Error creating bean with name 'socketServer': Injection of autowired dependencies failed; nested exception is org.springframework.beans.factory.BeanCreationException: Could not autowire field: private com.lion.sp.service.MdQuotationImpl com.lion.frame.websocket.SocketServer.mdQuotationImpl; nested exception is org.springframework.beans.factory.BeanCreationException: Error creating bean with name 'MdQuotation': Injection of autowired dependencies failed; nested exception is org.springframework.beans.factory.BeanCreationException: Could not autowire field: private com.lion.redis.dao.MdRedisDao com.lion.sp.service.MdQuotationImpl.mdRedisDao; nested exception is org.springframework.beans.factory.BeanCreationException: Error creating bean with name 'mdRedisDao': Injection of autowired dependencies failed; nested exception is org.springframework.beans.factory.BeanCreationException: Could not autowire field: private com.lion.redis.dao.ContractRedisDao com.lion.redis.dao.MdRedisDao.contractRedisDao; nested exception is org.springframework.beans.factory.BeanCreationException: Error creating bean with name 'contractRedisDao': Invocation of init method failed; nested exception is org.springframework.data.redis.RedisConnectionFailureException: Cannot get Jedis connection; nested exception is redis.clients.jedis.exceptions.JedisConnectionException: Could not get a resource from the pool
	at org.springframework.beans.factory.annotation.AutowiredAnnotationBeanPostProcessor.postProcessPropertyValues(AutowiredAnnotationBeanPostProcessor.java:301)
	at org.springframework.beans.factory.support.AbstractAutowireCapableBeanFactory.populateBean(AbstractAutowireCapableBeanFactory.java:1186)
	at org.springframework.beans.factory.support.AbstractAutowireCapableBeanFactory.doCreateBean(AbstractAutowireCapableBeanFactory.java:537)
	at org.springframework.beans.factory.support.AbstractAutowireCapableBeanFactory.createBean(AbstractAutowireCapableBeanFactory.java:475)
	at org.springframework.beans.factory.support.AbstractBeanFactory$1.getObject(AbstractBeanFactory.java:302)
	at org.springframework.beans.factory.support.DefaultSingletonBeanRegistry.getSingleton(DefaultSingletonBeanRegistry.java:229)
	at org.springframework.beans.factory.support.AbstractBeanFactory.doGetBean(AbstractBeanFactory.java:298)
	at org.springframework.beans.factory.support.AbstractBeanFactory.getBean(AbstractBeanFactory.java:193)
	at org.springframework.beans.factory.support.DefaultListableBeanFactory.preInstantiateSingletons(DefaultListableBeanFactory.java:706)
	at org.springframework.context.support.AbstractApplicationContext.finishBeanFactoryInitialization(AbstractApplicationContext.java:762)
	at org.springframework.context.support.AbstractApplicationContext.refresh(AbstractApplicationContext.java:482)
	at org.springframework.context.support.FileSystemXmlApplicationContext.<init>(FileSystemXmlApplicationContext.java:140)
	at org.springframework.context.support.FileSystemXmlApplicationContext.<init>(FileSystemXmlApplicationContext.java:84)
	at com.lion.main.MainApp.main(MainApp.java:17)
Caused by: org.springframework.beans.factory.BeanCreationException: Could not autowire field: private com.lion.sp.push.PushThread com.lion.frame.netty.client.NettyClient.pushThread; nested exception is org.springframework.beans.factory.BeanCreationException: Error creating bean with name 'pushThread': Injection of autowired dependencies failed; nested exception is org.springframework.beans.factory.BeanCreationException: Could not autowire field: private com.lion.frame.websocket.SocketServer com.lion.sp.push.PushThread.socketServer; nested exception is org.springframework.beans.factory.BeanCreationException: Error creating bean with name 'socketServer': Injection of autowired dependencies failed; nested exception is org.springframework.beans.factory.BeanCreationException: Could not autowire field: private com.lion.sp.service.MdQuotationImpl com.lion.frame.websocket.SocketServer.mdQuotationImpl; nested exception is org.springframework.beans.factory.BeanCreationException: Error creating bean with name 'MdQuotation': Injection of autowired dependencies failed; nested exception is org.springframework.beans.factory.BeanCreationException: Could not autowire field: private com.lion.redis.dao.MdRedisDao com.lion.sp.service.MdQuotationImpl.mdRedisDao; nested exception is org.springframework.beans.factory.BeanCreationException: Error creating bean with name 'mdRedisDao': Injection of autowired dependencies failed; nested exception is org.springframework.beans.factory.BeanCreationException: Could not autowire field: private com.lion.redis.dao.ContractRedisDao com.lion.redis.dao.MdRedisDao.contractRedisDao; nested exception is org.springframework.beans.factory.BeanCreationException: Error creating bean with name 'contractRedisDao': Invocation of init method failed; nested exception is org.springframework.data.redis.RedisConnectionFailureException: Cannot get Jedis connection; nested exception is redis.clients.jedis.exceptions.JedisConnectionException: Could not get a resource from the pool
	at org.springframework.beans.factory.annotation.AutowiredAnnotationBeanPostProcessor$AutowiredFieldElement.inject(AutowiredAnnotationBeanPostProcessor.java:522)
	at org.springframework.beans.factory.annotation.InjectionMetadata.inject(InjectionMetadata.java:88)
	at org.springframework.beans.factory.annotation.AutowiredAnnotationBeanPostProcessor.postProcessPropertyValues(AutowiredAnnotationBeanPostProcessor.java:298)
	... 13 more
Caused by: org.springframework.beans.factory.BeanCreationException: Error creating bean with name 'pushThread': Injection of autowired dependencies failed; nested exception is org.springframework.beans.factory.BeanCreationException: Could not autowire field: private com.lion.frame.websocket.SocketServer com.lion.sp.push.PushThread.socketServer; nested exception is org.springframework.beans.factory.BeanCreationException: Error creating bean with name 'socketServer': Injection of autowired dependencies failed; nested exception is org.springframework.beans.factory.BeanCreationException: Could not autowire field: private com.lion.sp.service.MdQuotationImpl com.lion.frame.websocket.SocketServer.mdQuotationImpl; nested exception is org.springframework.beans.factory.BeanCreationException: Error creating bean with name 'MdQuotation': Injection of autowired dependencies failed; nested exception is org.springframework.beans.factory.BeanCreationException: Could not autowire field: private com.lion.redis.dao.MdRedisDao com.lion.sp.service.MdQuotationImpl.mdRedisDao; nested exception is org.springframework.beans.factory.BeanCreationException: Error creating bean with name 'mdRedisDao': Injection of autowired dependencies failed; nested exception is org.springframework.beans.factory.BeanCreationException: Could not autowire field: private com.lion.redis.dao.ContractRedisDao com.lion.redis.dao.MdRedisDao.contractRedisDao; nested exception is org.springframework.beans.factory.BeanCreationException: Error creating bean with name 'contractRedisDao': Invocation of init method failed; nested exception is org.springframework.data.redis.RedisConnectionFailureException: Cannot get Jedis connection; nested exception is redis.clients.jedis.exceptions.JedisConnectionException: Could not get a resource from the pool
	at org.springframework.beans.factory.annotation.AutowiredAnnotationBeanPostProcessor.postProcessPropertyValues(AutowiredAnnotationBeanPostProcessor.java:301)
	at org.springframework.beans.factory.support.AbstractAutowireCapableBeanFactory.populateBean(AbstractAutowireCapableBeanFactory.java:1186)
	at org.springframework.beans.factory.support.AbstractAutowireCapableBeanFactory.doCreateBean(AbstractAutowireCapableBeanFactory.java:537)
	at org.springframework.beans.factory.support.AbstractAutowireCapableBeanFactory.createBean(AbstractAutowireCapableBeanFactory.java:475)
	at org.springframework.beans.factory.support.AbstractBeanFactory$1.getObject(AbstractBeanFactory.java:302)
	at org.springframework.beans.factory.support.DefaultSingletonBeanRegistry.getSingleton(DefaultSingletonBeanRegistry.java:229)
	at org.springframework.beans.factory.support.AbstractBeanFactory.doGetBean(AbstractBeanFactory.java:298)
	at org.springframework.beans.factory.support.AbstractBeanFactory.getBean(AbstractBeanFactory.java:193)
	at org.springframework.beans.factory.support.DefaultListableBeanFactory.findAutowireCandidates(DefaultListableBeanFactory.java:1021)
	at org.springframework.beans.factory.support.DefaultListableBeanFactory.doResolveDependency(DefaultListableBeanFactory.java:964)
	at org.springframework.beans.factory.support.DefaultListableBeanFactory.resolveDependency(DefaultListableBeanFactory.java:862)
	at org.springframework.beans.factory.annotation.AutowiredAnnotationBeanPostProcessor$AutowiredFieldElement.inject(AutowiredAnnotationBeanPostProcessor.java:494)
	... 15 more
Caused by: org.springframework.beans.factory.BeanCreationException: Could not autowire field: private com.lion.frame.websocket.SocketServer com.lion.sp.push.PushThread.socketServer; nested exception is org.springframework.beans.factory.BeanCreationException: Error creating bean with name 'socketServer': Injection of autowired dependencies failed; nested exception is org.springframework.beans.factory.BeanCreationException: Could not autowire field: private com.lion.sp.service.MdQuotationImpl com.lion.frame.websocket.SocketServer.mdQuotationImpl; nested exception is org.springframework.beans.factory.BeanCreationException: Error creating bean with name 'MdQuotation': Injection of autowired dependencies failed; nested exception is org.springframework.beans.factory.BeanCreationException: Could not autowire field: private com.lion.redis.dao.MdRedisDao com.lion.sp.service.MdQuotationImpl.mdRedisDao; nested exception is org.springframework.beans.factory.BeanCreationException: Error creating bean with name 'mdRedisDao': Injection of autowired dependencies failed; nested exception is org.springframework.beans.factory.BeanCreationException: Could not autowire field: private com.lion.redis.dao.ContractRedisDao com.lion.redis.dao.MdRedisDao.contractRedisDao; nested exception is org.springframework.beans.factory.BeanCreationException: Error creating bean with name 'contractRedisDao': Invocation of init method failed; nested exception is org.springframework.data.redis.RedisConnectionFailureException: Cannot get Jedis connection; nested exception is redis.clients.jedis.exceptions.JedisConnectionException: Could not get a resource from the pool
	at org.springframework.beans.factory.annotation.AutowiredAnnotationBeanPostProcessor$AutowiredFieldElement.inject(AutowiredAnnotationBeanPostProcessor.java:522)
	at org.springframework.beans.factory.annotation.InjectionMetadata.inject(InjectionMetadata.java:88)
	at org.springframework.beans.factory.annotation.AutowiredAnnotationBeanPostProcessor.postProcessPropertyValues(AutowiredAnnotationBeanPostProcessor.java:298)
	... 26 more
Caused by: org.springframework.beans.factory.BeanCreationException: Error creating bean with name 'socketServer': Injection of autowired dependencies failed; nested exception is org.springframework.beans.factory.BeanCreationException: Could not autowire field: private com.lion.sp.service.MdQuotationImpl com.lion.frame.websocket.SocketServer.mdQuotationImpl; nested exception is org.springframework.beans.factory.BeanCreationException: Error creating bean with name 'MdQuotation': Injection of autowired dependencies failed; nested exception is org.springframework.beans.factory.BeanCreationException: Could not autowire field: private com.lion.redis.dao.MdRedisDao com.lion.sp.service.MdQuotationImpl.mdRedisDao; nested exception is org.springframework.beans.factory.BeanCreationException: Error creating bean with name 'mdRedisDao': Injection of autowired dependencies failed; nested exception is org.springframework.beans.factory.BeanCreationException: Could not autowire field: private com.lion.redis.dao.ContractRedisDao com.lion.redis.dao.MdRedisDao.contractRedisDao; nested exception is org.springframework.beans.factory.BeanCreationException: Error creating bean with name 'contractRedisDao': Invocation of init method failed; nested exception is org.springframework.data.redis.RedisConnectionFailureException: Cannot get Jedis connection; nested exception is redis.clients.jedis.exceptions.JedisConnectionException: Could not get a resource from the pool
	at org.springframework.beans.factory.annotation.AutowiredAnnotationBeanPostProcessor.postProcessPropertyValues(AutowiredAnnotationBeanPostProcessor.java:301)
	at org.springframework.beans.factory.support.AbstractAutowireCapableBeanFactory.populateBean(AbstractAutowireCapableBeanFactory.java:1186)
	at org.springframework.beans.factory.support.AbstractAutowireCapableBeanFactory.doCreateBean(AbstractAutowireCapableBeanFactory.java:537)
	at org.springframework.beans.factory.support.AbstractAutowireCapableBeanFactory.createBean(AbstractAutowireCapableBeanFactory.java:475)
	at org.springframework.beans.factory.support.AbstractBeanFactory$1.getObject(AbstractBeanFactory.java:302)
	at org.springframework.beans.factory.support.DefaultSingletonBeanRegistry.getSingleton(DefaultSingletonBeanRegistry.java:229)
	at org.springframework.beans.factory.support.AbstractBeanFactory.doGetBean(AbstractBeanFactory.java:298)
	at org.springframework.beans.factory.support.AbstractBeanFactory.getBean(AbstractBeanFactory.java:193)
	at org.springframework.beans.factory.support.DefaultListableBeanFactory.findAutowireCandidates(DefaultListableBeanFactory.java:1021)
	at org.springframework.beans.factory.support.DefaultListableBeanFactory.doResolveDependency(DefaultListableBeanFactory.java:964)
	at org.springframework.beans.factory.support.DefaultListableBeanFactory.resolveDependency(DefaultListableBeanFactory.java:862)
	at org.springframework.beans.factory.annotation.AutowiredAnnotationBeanPostProcessor$AutowiredFieldElement.inject(AutowiredAnnotationBeanPostProcessor.java:494)
	... 28 more
Caused by: org.springframework.beans.factory.BeanCreationException: Could not autowire field: private com.lion.sp.service.MdQuotationImpl com.lion.frame.websocket.SocketServer.mdQuotationImpl; nested exception is org.springframework.beans.factory.BeanCreationException: Error creating bean with name 'MdQuotation': Injection of autowired dependencies failed; nested exception is org.springframework.beans.factory.BeanCreationException: Could not autowire field: private com.lion.redis.dao.MdRedisDao com.lion.sp.service.MdQuotationImpl.mdRedisDao; nested exception is org.springframework.beans.factory.BeanCreationException: Error creating bean with name 'mdRedisDao': Injection of autowired dependencies failed; nested exception is org.springframework.beans.factory.BeanCreationException: Could not autowire field: private com.lion.redis.dao.ContractRedisDao com.lion.redis.dao.MdRedisDao.contractRedisDao; nested exception is org.springframework.beans.factory.BeanCreationException: Error creating bean with name 'contractRedisDao': Invocation of init method failed; nested exception is org.springframework.data.redis.RedisConnectionFailureException: Cannot get Jedis connection; nested exception is redis.clients.jedis.exceptions.JedisConnectionException: Could not get a resource from the pool
	at org.springframework.beans.factory.annotation.AutowiredAnnotationBeanPostProcessor$AutowiredFieldElement.inject(AutowiredAnnotationBeanPostProcessor.java:522)
	at org.springframework.beans.factory.annotation.InjectionMetadata.inject(InjectionMetadata.java:88)
	at org.springframework.beans.factory.annotation.AutowiredAnnotationBeanPostProcessor.postProcessPropertyValues(AutowiredAnnotationBeanPostProcessor.java:298)
	... 39 more
Caused by: org.springframework.beans.factory.BeanCreationException: Error creating bean with name 'MdQuotation': Injection of autowired dependencies failed; nested exception is org.springframework.beans.factory.BeanCreationException: Could not autowire field: private com.lion.redis.dao.MdRedisDao com.lion.sp.service.MdQuotationImpl.mdRedisDao; nested exception is org.springframework.beans.factory.BeanCreationException: Error creating bean with name 'mdRedisDao': Injection of autowired dependencies failed; nested exception is org.springframework.beans.factory.BeanCreationException: Could not autowire field: private com.lion.redis.dao.ContractRedisDao com.lion.redis.dao.MdRedisDao.contractRedisDao; nested exception is org.springframework.beans.factory.BeanCreationException: Error creating bean with name 'contractRedisDao': Invocation of init method failed; nested exception is org.springframework.data.redis.RedisConnectionFailureException: Cannot get Jedis connection; nested exception is redis.clients.jedis.exceptions.JedisConnectionException: Could not get a resource from the pool
	at org.springframework.beans.factory.annotation.AutowiredAnnotationBeanPostProcessor.postProcessPropertyValues(AutowiredAnnotationBeanPostProcessor.java:301)
	at org.springframework.beans.factory.support.AbstractAutowireCapableBeanFactory.populateBean(AbstractAutowireCapableBeanFactory.java:1186)
	at org.springframework.beans.factory.support.AbstractAutowireCapableBeanFactory.doCreateBean(AbstractAutowireCapableBeanFactory.java:537)
	at org.springframework.beans.factory.support.AbstractAutowireCapableBeanFactory.createBean(AbstractAutowireCapableBeanFactory.java:475)
	at org.springframework.beans.factory.support.AbstractBeanFactory$1.getObject(AbstractBeanFactory.java:302)
	at org.springframework.beans.factory.support.DefaultSingletonBeanRegistry.getSingleton(DefaultSingletonBeanRegistry.java:229)
	at org.springframework.beans.factory.support.AbstractBeanFactory.doGetBean(AbstractBeanFactory.java:298)
	at org.springframework.beans.factory.support.AbstractBeanFactory.getBean(AbstractBeanFactory.java:193)
	at org.springframework.beans.factory.support.DefaultListableBeanFactory.findAutowireCandidates(DefaultListableBeanFactory.java:1021)
	at org.springframework.beans.factory.support.DefaultListableBeanFactory.doResolveDependency(DefaultListableBeanFactory.java:964)
	at org.springframework.beans.factory.support.DefaultListableBeanFactory.resolveDependency(DefaultListableBeanFactory.java:862)
	at org.springframework.beans.factory.annotation.AutowiredAnnotationBeanPostProcessor$AutowiredFieldElement.inject(AutowiredAnnotationBeanPostProcessor.java:494)
	... 41 more
Caused by: org.springframework.beans.factory.BeanCreationException: Could not autowire field: private com.lion.redis.dao.MdRedisDao com.lion.sp.service.MdQuotationImpl.mdRedisDao; nested exception is org.springframework.beans.factory.BeanCreationException: Error creating bean with name 'mdRedisDao': Injection of autowired dependencies failed; nested exception is org.springframework.beans.factory.BeanCreationException: Could not autowire field: private com.lion.redis.dao.ContractRedisDao com.lion.redis.dao.MdRedisDao.contractRedisDao; nested exception is org.springframework.beans.factory.BeanCreationException: Error creating bean with name 'contractRedisDao': Invocation of init method failed; nested exception is org.springframework.data.redis.RedisConnectionFailureException: Cannot get Jedis connection; nested exception is redis.clients.jedis.exceptions.JedisConnectionException: Could not get a resource from the pool
	at org.springframework.beans.factory.annotation.AutowiredAnnotationBeanPostProcessor$AutowiredFieldElement.inject(AutowiredAnnotationBeanPostProcessor.java:522)
	at org.springframework.beans.factory.annotation.InjectionMetadata.inject(InjectionMetadata.java:88)
	at org.springframework.beans.factory.annotation.AutowiredAnnotationBeanPostProcessor.postProcessPropertyValues(AutowiredAnnotationBeanPostProcessor.java:298)
	... 52 more
Caused by: org.springframework.beans.factory.BeanCreationException: Error creating bean with name 'mdRedisDao': Injection of autowired dependencies failed; nested exception is org.springframework.beans.factory.BeanCreationException: Could not autowire field: private com.lion.redis.dao.ContractRedisDao com.lion.redis.dao.MdRedisDao.contractRedisDao; nested exception is org.springframework.beans.factory.BeanCreationException: Error creating bean with name 'contractRedisDao': Invocation of init method failed; nested exception is org.springframework.data.redis.RedisConnectionFailureException: Cannot get Jedis connection; nested exception is redis.clients.jedis.exceptions.JedisConnectionException: Could not get a resource from the pool
	at org.springframework.beans.factory.annotation.AutowiredAnnotationBeanPostProcessor.postProcessPropertyValues(AutowiredAnnotationBeanPostProcessor.java:301)
	at org.springframework.beans.factory.support.AbstractAutowireCapableBeanFactory.populateBean(AbstractAutowireCapableBeanFactory.java:1186)
	at org.springframework.beans.factory.support.AbstractAutowireCapableBeanFactory.doCreateBean(AbstractAutowireCapableBeanFactory.java:537)
	at org.springframework.beans.factory.support.AbstractAutowireCapableBeanFactory.createBean(AbstractAutowireCapableBeanFactory.java:475)
	at org.springframework.beans.factory.support.AbstractBeanFactory$1.getObject(AbstractBeanFactory.java:302)
	at org.springframework.beans.factory.support.DefaultSingletonBeanRegistry.getSingleton(DefaultSingletonBeanRegistry.java:229)
	at org.springframework.beans.factory.support.AbstractBeanFactory.doGetBean(AbstractBeanFactory.java:298)
	at org.springframework.beans.factory.support.AbstractBeanFactory.getBean(AbstractBeanFactory.java:193)
	at org.springframework.beans.factory.support.DefaultListableBeanFactory.findAutowireCandidates(DefaultListableBeanFactory.java:1021)
	at org.springframework.beans.factory.support.DefaultListableBeanFactory.doResolveDependency(DefaultListableBeanFactory.java:964)
	at org.springframework.beans.factory.support.DefaultListableBeanFactory.resolveDependency(DefaultListableBeanFactory.java:862)
	at org.springframework.beans.factory.annotation.AutowiredAnnotationBeanPostProcessor$AutowiredFieldElement.inject(AutowiredAnnotationBeanPostProcessor.java:494)
	... 54 more
Caused by: org.springframework.beans.factory.BeanCreationException: Could not autowire field: private com.lion.redis.dao.ContractRedisDao com.lion.redis.dao.MdRedisDao.contractRedisDao; nested exception is org.springframework.beans.factory.BeanCreationException: Error creating bean with name 'contractRedisDao': Invocation of init method failed; nested exception is org.springframework.data.redis.RedisConnectionFailureException: Cannot get Jedis connection; nested exception is redis.clients.jedis.exceptions.JedisConnectionException: Could not get a resource from the pool
	at org.springframework.beans.factory.annotation.AutowiredAnnotationBeanPostProcessor$AutowiredFieldElement.inject(AutowiredAnnotationBeanPostProcessor.java:522)
	at org.springframework.beans.factory.annotation.InjectionMetadata.inject(InjectionMetadata.java:88)
	at org.springframework.beans.factory.annotation.AutowiredAnnotationBeanPostProcessor.postProcessPropertyValues(AutowiredAnnotationBeanPostProcessor.java:298)
	... 65 more
Caused by: org.springframework.beans.factory.BeanCreationException: Error creating bean with name 'contractRedisDao': Invocation of init method failed; nested exception is org.springframework.data.redis.RedisConnectionFailureException: Cannot get Jedis connection; nested exception is redis.clients.jedis.exceptions.JedisConnectionException: Could not get a resource from the pool
	at org.springframework.beans.factory.annotation.InitDestroyAnnotationBeanPostProcessor.postProcessBeforeInitialization(InitDestroyAnnotationBeanPostProcessor.java:136)
	at org.springframework.beans.factory.support.AbstractAutowireCapableBeanFactory.applyBeanPostProcessorsBeforeInitialization(AbstractAutowireCapableBeanFactory.java:407)
	at org.springframework.beans.factory.support.AbstractAutowireCapableBeanFactory.initializeBean(AbstractAutowireCapableBeanFactory.java:1546)
	at org.springframework.beans.factory.support.AbstractAutowireCapableBeanFactory.doCreateBean(AbstractAutowireCapableBeanFactory.java:539)
	at org.springframework.beans.factory.support.AbstractAutowireCapableBeanFactory.createBean(AbstractAutowireCapableBeanFactory.java:475)
	at org.springframework.beans.factory.support.AbstractBeanFactory$1.getObject(AbstractBeanFactory.java:302)
	at org.springframework.beans.factory.support.DefaultSingletonBeanRegistry.getSingleton(DefaultSingletonBeanRegistry.java:229)
	at org.springframework.beans.factory.support.AbstractBeanFactory.doGetBean(AbstractBeanFactory.java:298)
	at org.springframework.beans.factory.support.AbstractBeanFactory.getBean(AbstractBeanFactory.java:193)
	at org.springframework.beans.factory.support.DefaultListableBeanFactory.findAutowireCandidates(DefaultListableBeanFactory.java:1021)
	at org.springframework.beans.factory.support.DefaultListableBeanFactory.doResolveDependency(DefaultListableBeanFactory.java:964)
	at org.springframework.beans.factory.support.DefaultListableBeanFactory.resolveDependency(DefaultListableBeanFactory.java:862)
	at org.springframework.beans.factory.annotation.AutowiredAnnotationBeanPostProcessor$AutowiredFieldElement.inject(AutowiredAnnotationBeanPostProcessor.java:494)
	... 67 more
Caused by: org.springframework.data.redis.RedisConnectionFailureException: Cannot get Jedis connection; nested exception is redis.clients.jedis.exceptions.JedisConnectionException: Could not get a resource from the pool
	at org.springframework.data.redis.connection.jedis.JedisConnectionFactory.fetchJedisConnector(JedisConnectionFactory.java:162)
	at org.springframework.data.redis.connection.jedis.JedisConnectionFactory.getConnection(JedisConnectionFactory.java:251)
	at org.springframework.data.redis.connection.jedis.JedisConnectionFactory.getConnection(JedisConnectionFactory.java:58)
	at org.springframework.data.redis.core.RedisConnectionUtils.doGetConnection(RedisConnectionUtils.java:128)
	at org.springframework.data.redis.core.RedisConnectionUtils.getConnection(RedisConnectionUtils.java:91)
	at org.springframework.data.redis.core.RedisConnectionUtils.getConnection(RedisConnectionUtils.java:78)
	at org.springframework.data.redis.core.RedisTemplate.execute(RedisTemplate.java:178)
	at org.springframework.data.redis.core.RedisTemplate.execute(RedisTemplate.java:153)
	at org.springframework.data.redis.core.RedisTemplate.keys(RedisTemplate.java:720)
	at com.lion.redis.dao.BaseRedisDao.keys(BaseRedisDao.java:28)
	at com.lion.redis.dao.ContractRedisDao.getRedisContractList1(ContractRedisDao.java:94)
	at com.lion.redis.dao.ContractRedisDao.loadData(ContractRedisDao.java:62)
	at com.lion.redis.dao.ContractRedisDao.init(ContractRedisDao.java:41)
	at sun.reflect.NativeMethodAccessorImpl.invoke0(Native Method)
	at sun.reflect.NativeMethodAccessorImpl.invoke(Unknown Source)
	at sun.reflect.DelegatingMethodAccessorImpl.invoke(Unknown Source)
	at java.lang.reflect.Method.invoke(Unknown Source)
	at org.springframework.beans.factory.annotation.InitDestroyAnnotationBeanPostProcessor$LifecycleElement.invoke(InitDestroyAnnotationBeanPostProcessor.java:349)
	at org.springframework.beans.factory.annotation.InitDestroyAnnotationBeanPostProcessor$LifecycleMetadata.invokeInitMethods(InitDestroyAnnotationBeanPostProcessor.java:300)
	at org.springframework.beans.factory.annotation.InitDestroyAnnotationBeanPostProcessor.postProcessBeforeInitialization(InitDestroyAnnotationBeanPostProcessor.java:133)
	... 79 more
Caused by: redis.clients.jedis.exceptions.JedisConnectionException: Could not get a resource from the pool
	at redis.clients.util.Pool.getResource(Pool.java:50)
	at redis.clients.jedis.JedisPool.getResource(JedisPool.java:88)
	at redis.clients.jedis.JedisPool.getResource(JedisPool.java:12)
	at org.springframework.data.redis.connection.jedis.JedisConnectionFactory.fetchJedisConnector(JedisConnectionFactory.java:155)
	... 98 more
Caused by: redis.clients.jedis.exceptions.JedisConnectionException: java.net.ConnectException: Connection timed out: connect
	at redis.clients.jedis.Connection.connect(Connection.java:148)
	at redis.clients.jedis.BinaryClient.connect(BinaryClient.java:75)
	at redis.clients.jedis.BinaryJedis.connect(BinaryJedis.java:1572)
	at redis.clients.jedis.JedisFactory.makeObject(JedisFactory.java:69)
	at org.apache.commons.pool2.impl.GenericObjectPool.create(GenericObjectPool.java:836)
	at org.apache.commons.pool2.impl.GenericObjectPool.borrowObject(GenericObjectPool.java:434)
	at org.apache.commons.pool2.impl.GenericObjectPool.borrowObject(GenericObjectPool.java:361)
	at redis.clients.util.Pool.getResource(Pool.java:48)
	... 101 more
Caused by: java.net.ConnectException: Connection timed out: connect
	at java.net.DualStackPlainSocketImpl.waitForConnect(Native Method)
	at java.net.DualStackPlainSocketImpl.socketConnect(Unknown Source)
	at java.net.AbstractPlainSocketImpl.doConnect(Unknown Source)
	at java.net.AbstractPlainSocketImpl.connectToAddress(Unknown Source)
	at java.net.AbstractPlainSocketImpl.connect(Unknown Source)
	at java.net.PlainSocketImpl.connect(Unknown Source)
	at java.net.SocksSocketImpl.connect(Unknown Source)
	at java.net.Socket.connect(Unknown Source)
	at redis.clients.jedis.Connection.connect(Connection.java:142)
	... 108 more
2018-04-02 09:57:56,987 - [main] - INFO  - (AbstractApplicationContext.java:515) - Refreshing org.springframework.context.support.FileSystemXmlApplicationContext@5fdef03a: startup date [Mon Apr 02 09:57:56 CST 2018]; root of context hierarchy
2018-04-02 09:57:57,021 - [main] - INFO  - (XmlBeanDefinitionReader.java:317) - Loading XML bean definitions from file [C:\hfds\行情\MdQuotationClient\config\spring\applicationContext-common.xml]
2018-04-02 09:57:57,209 - [main] - INFO  - (DefaultListableBeanFactory.java:754) - Overriding bean definition for bean 'springContextUtil': replacing [Generic bean: class [com.lion.common.utils.SpringContextUtil]; scope=singleton; abstract=false; lazyInit=true; autowireMode=0; dependencyCheck=0; autowireCandidate=true; primary=false; factoryBeanName=null; factoryMethodName=null; initMethodName=null; destroyMethodName=null; defined in file [C:\hfds\行情\MdQuotationClient\bin\com\lion\common\utils\SpringContextUtil.class]] with [Generic bean: class [com.lion.common.utils.SpringContextUtil]; scope=singleton; abstract=false; lazyInit=false; autowireMode=0; dependencyCheck=0; autowireCandidate=true; primary=false; factoryBeanName=null; factoryMethodName=null; initMethodName=null; destroyMethodName=null; defined in file [C:\hfds\行情\MdQuotationClient\config\spring\applicationContext-common.xml]]
2018-04-02 09:57:57,293 - [main] - INFO  - (PropertiesLoaderSupport.java:172) - Loading properties file from URL [file:C:/hfds/行情/MdQuotationClient/config/redis/redis.properties]
2018-04-02 09:57:57,294 - [main] - INFO  - (PropertiesLoaderSupport.java:172) - Loading properties file from URL [file:C:/hfds/行情/MdQuotationClient/config/system/system.properties]
2018-04-02 09:57:57,294 - [main] - INFO  - (PropertiesLoaderSupport.java:172) - Loading properties file from URL [file:C:/hfds/行情/MdQuotationClient/config/mq/mq.properties]
2018-04-02 09:57:58,166 - [main] - WARN  - (Slf4JLogger.java:146) - Unknown channel option 'SO_LINGER' for channel '[id: 0x4d0dfdae]'
2018-04-02 09:57:58,177 - [main] - INFO  - (MainApp.java:18) - 期货行情Client启动成功....
2018-04-02 09:57:58,198 - [Thread-5] - INFO  - (NettyClient.java:61) - netty client 启动成功
2018-04-02 10:06:32,744 - [main] - INFO  - (AbstractApplicationContext.java:515) - Refreshing org.springframework.context.support.FileSystemXmlApplicationContext@5fdef03a: startup date [Mon Apr 02 10:06:32 CST 2018]; root of context hierarchy
2018-04-02 10:06:32,778 - [main] - INFO  - (XmlBeanDefinitionReader.java:317) - Loading XML bean definitions from file [C:\hfds\行情\MdQuotationClient\config\spring\applicationContext-common.xml]
2018-04-02 10:06:32,964 - [main] - INFO  - (DefaultListableBeanFactory.java:754) - Overriding bean definition for bean 'springContextUtil': replacing [Generic bean: class [com.lion.common.utils.SpringContextUtil]; scope=singleton; abstract=false; lazyInit=true; autowireMode=0; dependencyCheck=0; autowireCandidate=true; primary=false; factoryBeanName=null; factoryMethodName=null; initMethodName=null; destroyMethodName=null; defined in file [C:\hfds\行情\MdQuotationClient\bin\com\lion\common\utils\SpringContextUtil.class]] with [Generic bean: class [com.lion.common.utils.SpringContextUtil]; scope=singleton; abstract=false; lazyInit=false; autowireMode=0; dependencyCheck=0; autowireCandidate=true; primary=false; factoryBeanName=null; factoryMethodName=null; initMethodName=null; destroyMethodName=null; defined in file [C:\hfds\行情\MdQuotationClient\config\spring\applicationContext-common.xml]]
2018-04-02 10:06:33,048 - [main] - INFO  - (PropertiesLoaderSupport.java:172) - Loading properties file from URL [file:C:/hfds/行情/MdQuotationClient/config/redis/redis.properties]
2018-04-02 10:06:33,049 - [main] - INFO  - (PropertiesLoaderSupport.java:172) - Loading properties file from URL [file:C:/hfds/行情/MdQuotationClient/config/system/system.properties]
2018-04-02 10:06:33,049 - [main] - INFO  - (PropertiesLoaderSupport.java:172) - Loading properties file from URL [file:C:/hfds/行情/MdQuotationClient/config/mq/mq.properties]
2018-04-02 10:06:33,942 - [main] - WARN  - (Slf4JLogger.java:146) - Unknown channel option 'SO_LINGER' for channel '[id: 0x4e2d81ee]'
2018-04-02 10:06:33,967 - [main] - INFO  - (MainApp.java:18) - 期货行情Client启动成功....
2018-04-02 10:06:35,019 - [Thread-5] - INFO  - (NettyClient.java:65) - netty client 启动失败
2018-04-02 10:07:50,514 - [main] - INFO  - (AbstractApplicationContext.java:515) - Refreshing org.springframework.context.support.FileSystemXmlApplicationContext@79be0360: startup date [Mon Apr 02 10:07:50 CST 2018]; root of context hierarchy
2018-04-02 10:07:50,560 - [main] - INFO  - (XmlBeanDefinitionReader.java:317) - Loading XML bean definitions from file [C:\hfds\行情\MdQuotationClient\config\spring\applicationContext-common.xml]
2018-04-02 10:07:50,768 - [main] - INFO  - (DefaultListableBeanFactory.java:754) - Overriding bean definition for bean 'springContextUtil': replacing [Generic bean: class [com.lion.common.utils.SpringContextUtil]; scope=singleton; abstract=false; lazyInit=true; autowireMode=0; dependencyCheck=0; autowireCandidate=true; primary=false; factoryBeanName=null; factoryMethodName=null; initMethodName=null; destroyMethodName=null; defined in file [C:\hfds\行情\MdQuotationClient\bin\com\lion\common\utils\SpringContextUtil.class]] with [Generic bean: class [com.lion.common.utils.SpringContextUtil]; scope=singleton; abstract=false; lazyInit=false; autowireMode=0; dependencyCheck=0; autowireCandidate=true; primary=false; factoryBeanName=null; factoryMethodName=null; initMethodName=null; destroyMethodName=null; defined in file [C:\hfds\行情\MdQuotationClient\config\spring\applicationContext-common.xml]]
2018-04-02 10:07:50,880 - [main] - INFO  - (PropertiesLoaderSupport.java:172) - Loading properties file from URL [file:C:/hfds/行情/MdQuotationClient/config/redis/redis.properties]
2018-04-02 10:07:50,880 - [main] - INFO  - (PropertiesLoaderSupport.java:172) - Loading properties file from URL [file:C:/hfds/行情/MdQuotationClient/config/system/system.properties]
2018-04-02 10:07:50,881 - [main] - INFO  - (PropertiesLoaderSupport.java:172) - Loading properties file from URL [file:C:/hfds/行情/MdQuotationClient/config/mq/mq.properties]
2018-04-02 10:07:51,922 - [main] - WARN  - (Slf4JLogger.java:146) - Unknown channel option 'SO_LINGER' for channel '[id: 0xe1153f69]'
2018-04-02 10:07:51,947 - [main] - INFO  - (MainApp.java:18) - 期货行情Client启动成功....
2018-04-02 10:08:55,127 - [Thread-5] - INFO  - (NettyClient.java:65) - netty client 启动失败
2018-04-02 10:11:11,302 - [main] - INFO  - (AbstractApplicationContext.java:515) - Refreshing org.springframework.context.support.FileSystemXmlApplicationContext@5fdef03a: startup date [Mon Apr 02 10:11:11 CST 2018]; root of context hierarchy
2018-04-02 10:11:11,336 - [main] - INFO  - (XmlBeanDefinitionReader.java:317) - Loading XML bean definitions from file [C:\hfds\行情\MdQuotationClient\config\spring\applicationContext-common.xml]
2018-04-02 10:11:11,582 - [main] - INFO  - (DefaultListableBeanFactory.java:754) - Overriding bean definition for bean 'springContextUtil': replacing [Generic bean: class [com.lion.common.utils.SpringContextUtil]; scope=singleton; abstract=false; lazyInit=true; autowireMode=0; dependencyCheck=0; autowireCandidate=true; primary=false; factoryBeanName=null; factoryMethodName=null; initMethodName=null; destroyMethodName=null; defined in file [C:\hfds\行情\MdQuotationClient\bin\com\lion\common\utils\SpringContextUtil.class]] with [Generic bean: class [com.lion.common.utils.SpringContextUtil]; scope=singleton; abstract=false; lazyInit=false; autowireMode=0; dependencyCheck=0; autowireCandidate=true; primary=false; factoryBeanName=null; factoryMethodName=null; initMethodName=null; destroyMethodName=null; defined in file [C:\hfds\行情\MdQuotationClient\config\spring\applicationContext-common.xml]]
2018-04-02 10:11:11,660 - [main] - INFO  - (PropertiesLoaderSupport.java:172) - Loading properties file from URL [file:C:/hfds/行情/MdQuotationClient/config/redis/redis.properties]
2018-04-02 10:11:11,660 - [main] - INFO  - (PropertiesLoaderSupport.java:172) - Loading properties file from URL [file:C:/hfds/行情/MdQuotationClient/config/system/system.properties]
2018-04-02 10:11:11,661 - [main] - INFO  - (PropertiesLoaderSupport.java:172) - Loading properties file from URL [file:C:/hfds/行情/MdQuotationClient/config/mq/mq.properties]
2018-04-02 10:11:12,527 - [main] - WARN  - (Slf4JLogger.java:146) - Unknown channel option 'SO_LINGER' for channel '[id: 0xe40cb216]'
2018-04-02 10:11:12,538 - [main] - INFO  - (MainApp.java:18) - 期货行情Client启动成功....
2018-04-02 10:11:13,556 - [Thread-5] - INFO  - (NettyClient.java:65) - netty client 启动失败
2018-04-02 10:12:42,186 - [main] - INFO  - (AbstractApplicationContext.java:515) - Refreshing org.springframework.context.support.FileSystemXmlApplicationContext@5fdef03a: startup date [Mon Apr 02 10:12:42 CST 2018]; root of context hierarchy
2018-04-02 10:12:42,220 - [main] - INFO  - (XmlBeanDefinitionReader.java:317) - Loading XML bean definitions from file [C:\hfds\行情\MdQuotationClient\config\spring\applicationContext-common.xml]
2018-04-02 10:12:42,410 - [main] - INFO  - (DefaultListableBeanFactory.java:754) - Overriding bean definition for bean 'springContextUtil': replacing [Generic bean: class [com.lion.common.utils.SpringContextUtil]; scope=singleton; abstract=false; lazyInit=true; autowireMode=0; dependencyCheck=0; autowireCandidate=true; primary=false; factoryBeanName=null; factoryMethodName=null; initMethodName=null; destroyMethodName=null; defined in file [C:\hfds\行情\MdQuotationClient\bin\com\lion\common\utils\SpringContextUtil.class]] with [Generic bean: class [com.lion.common.utils.SpringContextUtil]; scope=singleton; abstract=false; lazyInit=false; autowireMode=0; dependencyCheck=0; autowireCandidate=true; primary=false; factoryBeanName=null; factoryMethodName=null; initMethodName=null; destroyMethodName=null; defined in file [C:\hfds\行情\MdQuotationClient\config\spring\applicationContext-common.xml]]
2018-04-02 10:12:42,491 - [main] - INFO  - (PropertiesLoaderSupport.java:172) - Loading properties file from URL [file:C:/hfds/行情/MdQuotationClient/config/redis/redis.properties]
2018-04-02 10:12:42,492 - [main] - INFO  - (PropertiesLoaderSupport.java:172) - Loading properties file from URL [file:C:/hfds/行情/MdQuotationClient/config/system/system.properties]
2018-04-02 10:12:42,493 - [main] - INFO  - (PropertiesLoaderSupport.java:172) - Loading properties file from URL [file:C:/hfds/行情/MdQuotationClient/config/mq/mq.properties]
2018-04-02 10:12:43,359 - [main] - WARN  - (Slf4JLogger.java:146) - Unknown channel option 'SO_LINGER' for channel '[id: 0xd51f5b17]'
2018-04-02 10:12:43,369 - [main] - INFO  - (MainApp.java:18) - 期货行情Client启动成功....
2018-04-02 10:12:44,387 - [Thread-5] - INFO  - (NettyClient.java:65) - netty client 启动失败
2018-04-02 10:13:48,679 - [main] - INFO  - (AbstractApplicationContext.java:515) - Refreshing org.springframework.context.support.FileSystemXmlApplicationContext@5fdef03a: startup date [Mon Apr 02 10:13:48 CST 2018]; root of context hierarchy
2018-04-02 10:13:48,716 - [main] - INFO  - (XmlBeanDefinitionReader.java:317) - Loading XML bean definitions from file [C:\hfds\行情\MdQuotationClient\config\spring\applicationContext-common.xml]
2018-04-02 10:13:48,899 - [main] - INFO  - (DefaultListableBeanFactory.java:754) - Overriding bean definition for bean 'springContextUtil': replacing [Generic bean: class [com.lion.common.utils.SpringContextUtil]; scope=singleton; abstract=false; lazyInit=true; autowireMode=0; dependencyCheck=0; autowireCandidate=true; primary=false; factoryBeanName=null; factoryMethodName=null; initMethodName=null; destroyMethodName=null; defined in file [C:\hfds\行情\MdQuotationClient\bin\com\lion\common\utils\SpringContextUtil.class]] with [Generic bean: class [com.lion.common.utils.SpringContextUtil]; scope=singleton; abstract=false; lazyInit=false; autowireMode=0; dependencyCheck=0; autowireCandidate=true; primary=false; factoryBeanName=null; factoryMethodName=null; initMethodName=null; destroyMethodName=null; defined in file [C:\hfds\行情\MdQuotationClient\config\spring\applicationContext-common.xml]]
2018-04-02 10:13:48,979 - [main] - INFO  - (PropertiesLoaderSupport.java:172) - Loading properties file from URL [file:C:/hfds/行情/MdQuotationClient/config/redis/redis.properties]
2018-04-02 10:13:48,980 - [main] - INFO  - (PropertiesLoaderSupport.java:172) - Loading properties file from URL [file:C:/hfds/行情/MdQuotationClient/config/system/system.properties]
2018-04-02 10:13:48,980 - [main] - INFO  - (PropertiesLoaderSupport.java:172) - Loading properties file from URL [file:C:/hfds/行情/MdQuotationClient/config/mq/mq.properties]
2018-04-02 10:13:49,834 - [main] - WARN  - (Slf4JLogger.java:146) - Unknown channel option 'SO_LINGER' for channel '[id: 0xb8bba77e]'
2018-04-02 10:13:49,845 - [main] - INFO  - (MainApp.java:18) - 期货行情Client启动成功....
2018-04-02 10:13:50,863 - [Thread-5] - INFO  - (NettyClient.java:65) - netty client 启动失败
2018-04-02 10:23:23,956 - [main] - INFO  - (AbstractApplicationContext.java:515) - Refreshing org.springframework.context.support.FileSystemXmlApplicationContext@5fdef03a: startup date [Mon Apr 02 10:23:23 CST 2018]; root of context hierarchy
2018-04-02 10:23:24,066 - [main] - INFO  - (XmlBeanDefinitionReader.java:317) - Loading XML bean definitions from file [C:\hfds\行情\MdQuotationClient\config\spring\applicationContext-common.xml]
2018-04-02 10:23:24,843 - [main] - INFO  - (DefaultListableBeanFactory.java:754) - Overriding bean definition for bean 'springContextUtil': replacing [Generic bean: class [com.lion.common.utils.SpringContextUtil]; scope=singleton; abstract=false; lazyInit=true; autowireMode=0; dependencyCheck=0; autowireCandidate=true; primary=false; factoryBeanName=null; factoryMethodName=null; initMethodName=null; destroyMethodName=null; defined in file [C:\hfds\行情\MdQuotationClient\bin\com\lion\common\utils\SpringContextUtil.class]] with [Generic bean: class [com.lion.common.utils.SpringContextUtil]; scope=singleton; abstract=false; lazyInit=false; autowireMode=0; dependencyCheck=0; autowireCandidate=true; primary=false; factoryBeanName=null; factoryMethodName=null; initMethodName=null; destroyMethodName=null; defined in file [C:\hfds\行情\MdQuotationClient\config\spring\applicationContext-common.xml]]
2018-04-02 10:23:25,003 - [main] - INFO  - (PropertiesLoaderSupport.java:172) - Loading properties file from URL [file:C:/hfds/行情/MdQuotationClient/config/redis/redis.properties]
2018-04-02 10:23:25,003 - [main] - INFO  - (PropertiesLoaderSupport.java:172) - Loading properties file from URL [file:C:/hfds/行情/MdQuotationClient/config/system/system.properties]
2018-04-02 10:23:25,004 - [main] - INFO  - (PropertiesLoaderSupport.java:172) - Loading properties file from URL [file:C:/hfds/行情/MdQuotationClient/config/mq/mq.properties]
2018-04-02 10:23:25,907 - [main] - WARN  - (Slf4JLogger.java:146) - Unknown channel option 'SO_LINGER' for channel '[id: 0xb276cbf7]'
2018-04-02 10:23:25,918 - [main] - INFO  - (MainApp.java:18) - 期货行情Client启动成功....
2018-04-02 10:23:26,934 - [Thread-5] - INFO  - (NettyClient.java:65) - netty client 启动失败
2018-04-02 10:24:11,980 - [main] - INFO  - (AbstractApplicationContext.java:515) - Refreshing org.springframework.context.support.FileSystemXmlApplicationContext@5fdef03a: startup date [Mon Apr 02 10:24:11 CST 2018]; root of context hierarchy
2018-04-02 10:24:12,013 - [main] - INFO  - (XmlBeanDefinitionReader.java:317) - Loading XML bean definitions from file [C:\hfds\行情\MdQuotationClient\config\spring\applicationContext-common.xml]
2018-04-02 10:24:12,189 - [main] - INFO  - (DefaultListableBeanFactory.java:754) - Overriding bean definition for bean 'springContextUtil': replacing [Generic bean: class [com.lion.common.utils.SpringContextUtil]; scope=singleton; abstract=false; lazyInit=true; autowireMode=0; dependencyCheck=0; autowireCandidate=true; primary=false; factoryBeanName=null; factoryMethodName=null; initMethodName=null; destroyMethodName=null; defined in file [C:\hfds\行情\MdQuotationClient\bin\com\lion\common\utils\SpringContextUtil.class]] with [Generic bean: class [com.lion.common.utils.SpringContextUtil]; scope=singleton; abstract=false; lazyInit=false; autowireMode=0; dependencyCheck=0; autowireCandidate=true; primary=false; factoryBeanName=null; factoryMethodName=null; initMethodName=null; destroyMethodName=null; defined in file [C:\hfds\行情\MdQuotationClient\config\spring\applicationContext-common.xml]]
2018-04-02 10:24:12,269 - [main] - INFO  - (PropertiesLoaderSupport.java:172) - Loading properties file from URL [file:C:/hfds/行情/MdQuotationClient/config/redis/redis.properties]
2018-04-02 10:24:12,270 - [main] - INFO  - (PropertiesLoaderSupport.java:172) - Loading properties file from URL [file:C:/hfds/行情/MdQuotationClient/config/system/system.properties]
2018-04-02 10:24:12,271 - [main] - INFO  - (PropertiesLoaderSupport.java:172) - Loading properties file from URL [file:C:/hfds/行情/MdQuotationClient/config/mq/mq.properties]
2018-04-02 10:24:13,076 - [main] - WARN  - (Slf4JLogger.java:146) - Unknown channel option 'SO_LINGER' for channel '[id: 0x9c05e1e4]'
2018-04-02 10:24:13,085 - [main] - INFO  - (MainApp.java:18) - 期货行情Client启动成功....
2018-04-02 10:24:14,103 - [Thread-5] - INFO  - (NettyClient.java:65) - netty client 启动失败:Connection refused: no further information: /192.168.1.150:8555
2018-04-02 10:27:31,643 - [main] - INFO  - (AbstractApplicationContext.java:515) - Refreshing org.springframework.context.support.FileSystemXmlApplicationContext@5fdef03a: startup date [Mon Apr 02 10:27:31 CST 2018]; root of context hierarchy
2018-04-02 10:27:31,676 - [main] - INFO  - (XmlBeanDefinitionReader.java:317) - Loading XML bean definitions from file [C:\hfds\行情\MdQuotationClient\config\spring\applicationContext-common.xml]
2018-04-02 10:27:31,857 - [main] - INFO  - (DefaultListableBeanFactory.java:754) - Overriding bean definition for bean 'springContextUtil': replacing [Generic bean: class [com.lion.common.utils.SpringContextUtil]; scope=singleton; abstract=false; lazyInit=true; autowireMode=0; dependencyCheck=0; autowireCandidate=true; primary=false; factoryBeanName=null; factoryMethodName=null; initMethodName=null; destroyMethodName=null; defined in file [C:\hfds\行情\MdQuotationClient\bin\com\lion\common\utils\SpringContextUtil.class]] with [Generic bean: class [com.lion.common.utils.SpringContextUtil]; scope=singleton; abstract=false; lazyInit=false; autowireMode=0; dependencyCheck=0; autowireCandidate=true; primary=false; factoryBeanName=null; factoryMethodName=null; initMethodName=null; destroyMethodName=null; defined in file [C:\hfds\行情\MdQuotationClient\config\spring\applicationContext-common.xml]]
2018-04-02 10:27:31,944 - [main] - INFO  - (PropertiesLoaderSupport.java:172) - Loading properties file from URL [file:C:/hfds/行情/MdQuotationClient/config/redis/redis.properties]
2018-04-02 10:27:31,944 - [main] - INFO  - (PropertiesLoaderSupport.java:172) - Loading properties file from URL [file:C:/hfds/行情/MdQuotationClient/config/system/system.properties]
2018-04-02 10:27:31,945 - [main] - INFO  - (PropertiesLoaderSupport.java:172) - Loading properties file from URL [file:C:/hfds/行情/MdQuotationClient/config/mq/mq.properties]
2018-04-02 10:27:32,750 - [main] - WARN  - (Slf4JLogger.java:146) - Unknown channel option 'SO_LINGER' for channel '[id: 0x0f522114]'
2018-04-02 10:27:32,761 - [main] - INFO  - (MainApp.java:18) - 期货行情Client启动成功....
2018-04-02 10:27:33,776 - [Thread-5] - INFO  - (NettyClient.java:65) - netty client 启动失败:Connection refused: no further information: /192.168.1.150:8555
2018-04-02 10:33:13,866 - [main] - INFO  - (AbstractApplicationContext.java:515) - Refreshing org.springframework.context.support.FileSystemXmlApplicationContext@5fdef03a: startup date [Mon Apr 02 10:33:13 CST 2018]; root of context hierarchy
2018-04-02 10:33:13,903 - [main] - INFO  - (XmlBeanDefinitionReader.java:317) - Loading XML bean definitions from file [C:\hfds\行情\MdQuotationClient\config\spring\applicationContext-common.xml]
2018-04-02 10:33:14,085 - [main] - INFO  - (DefaultListableBeanFactory.java:754) - Overriding bean definition for bean 'springContextUtil': replacing [Generic bean: class [com.lion.common.utils.SpringContextUtil]; scope=singleton; abstract=false; lazyInit=true; autowireMode=0; dependencyCheck=0; autowireCandidate=true; primary=false; factoryBeanName=null; factoryMethodName=null; initMethodName=null; destroyMethodName=null; defined in file [C:\hfds\行情\MdQuotationClient\bin\com\lion\common\utils\SpringContextUtil.class]] with [Generic bean: class [com.lion.common.utils.SpringContextUtil]; scope=singleton; abstract=false; lazyInit=false; autowireMode=0; dependencyCheck=0; autowireCandidate=true; primary=false; factoryBeanName=null; factoryMethodName=null; initMethodName=null; destroyMethodName=null; defined in file [C:\hfds\行情\MdQuotationClient\config\spring\applicationContext-common.xml]]
2018-04-02 10:33:14,169 - [main] - INFO  - (PropertiesLoaderSupport.java:172) - Loading properties file from URL [file:C:/hfds/行情/MdQuotationClient/config/redis/redis.properties]
2018-04-02 10:33:14,170 - [main] - INFO  - (PropertiesLoaderSupport.java:172) - Loading properties file from URL [file:C:/hfds/行情/MdQuotationClient/config/system/system.properties]
2018-04-02 10:33:14,170 - [main] - INFO  - (PropertiesLoaderSupport.java:172) - Loading properties file from URL [file:C:/hfds/行情/MdQuotationClient/config/mq/mq.properties]
2018-04-02 10:33:14,995 - [main] - WARN  - (Slf4JLogger.java:146) - Unknown channel option 'SO_LINGER' for channel '[id: 0x98dbc14a]'
2018-04-02 10:33:15,005 - [main] - INFO  - (MainApp.java:18) - 期货行情Client启动成功....
2018-04-02 10:33:15,024 - [Thread-5] - INFO  - (NettyClient.java:61) - netty client 启动成功
